# JRE version: OpenJDK Runtime Environment (23.0.2+7) (build 23.0.2+7-58)
# Java VM: OpenJDK 64-Bit Server VM (23.0.2+7-58, mixed mode, sharing, tiered, compressed oops, compressed class ptrs, g1 gc, windows-amd64)
GC Precious Log:
 CardTable entry size: 512
 Card Set container configuration: InlinePtr #cards 5 size 8 Array Of Cards #cards 10 size 36 Howl #buckets 4 coarsen threshold 1843 Howl Bitmap #cards 512 size 80 coarsen threshold 460 Card regions per heap region 1 cards per card region 2048
 CPUs: 8 total, 8 available
 Memory: 8029M
 Large Page Support: Disabled
 NUMA Support: Disabled
 Compressed Oops: Enabled (32-bit)
 Heap Region Size: 1M
 Heap Min Capacity: 8M
 Heap Initial Capacity: 126M
 Heap Max Capacity: 2008M
 Pre-touch: Disabled
 Parallel Workers: 8
 Concurrent Workers: 2
 Concurrent Refinement Workers: 8
 Periodic GC: Disabled
Heap:
 garbage-first heap   total reserved 2056192K, committed 107520K, used 89561K [0x0000000082800000, 0x0000000100000000)
  region size 1024K, 31 young (31744K), 1 survivors (1024K)
 Metaspace       used 91726K, committed 92672K, reserved 1179648K
  class space    used 12789K, committed 13184K, reserved 1048576K
GC Heap History (20 events):
Event: 4.874 GC heap before
{Heap before GC invocations=7 (full 0):
 garbage-first heap   total reserved 2056192K, committed 86016K, used 49525K [0x0000000082800000, 0x0000000100000000)
  region size 1024K, 26 young (26624K), 6 survivors (6144K)
 Metaspace       used 35694K, committed 36096K, reserved 1114112K
  class space    used 4532K, committed 4736K, reserved 1048576K
}
Event: 4.879 GC heap after
{Heap after GC invocations=8 (full 0):
 garbage-first heap   total reserved 2056192K, committed 86016K, used 31438K [0x0000000082800000, 0x0000000100000000)
  region size 1024K, 5 young (5120K), 5 survivors (5120K)
 Metaspace       used 35694K, committed 36096K, reserved 1114112K
  class space    used 4532K, committed 4736K, reserved 1048576K
}
Event: 5.785 GC heap before
{Heap before GC invocations=9 (full 0):
 garbage-first heap   total reserved 2056192K, committed 86016K, used 68302K [0x0000000082800000, 0x0000000100000000)
  region size 1024K, 42 young (43008K), 5 survivors (5120K)
 Metaspace       used 40071K, committed 40576K, reserved 1114112K
  class space    used 5245K, committed 5440K, reserved 1048576K
}
Event: 5.792 GC heap after
{Heap after GC invocations=10 (full 0):
 garbage-first heap   total reserved 2056192K, committed 86016K, used 33385K [0x0000000082800000, 0x0000000100000000)
  region size 1024K, 5 young (5120K), 5 survivors (5120K)
 Metaspace       used 40071K, committed 40576K, reserved 1114112K
  class space    used 5245K, committed 5440K, reserved 1048576K
}
Event: 6.255 GC heap before
{Heap before GC invocations=10 (full 0):
 garbage-first heap   total reserved 2056192K, committed 86016K, used 75369K [0x0000000082800000, 0x0000000100000000)
  region size 1024K, 42 young (43008K), 5 survivors (5120K)
 Metaspace       used 43411K, committed 43968K, reserved 1114112K
  class space    used 5722K, committed 5952K, reserved 1048576K
}
Event: 6.265 GC heap after
{Heap after GC invocations=11 (full 0):
 garbage-first heap   total reserved 2056192K, committed 89088K, used 42403K [0x0000000082800000, 0x0000000100000000)
  region size 1024K, 6 young (6144K), 6 survivors (6144K)
 Metaspace       used 43411K, committed 43968K, reserved 1114112K
  class space    used 5722K, committed 5952K, reserved 1048576K
}
Event: 6.853 GC heap before
{Heap before GC invocations=11 (full 0):
 garbage-first heap   total reserved 2056192K, committed 89088K, used 74147K [0x0000000082800000, 0x0000000100000000)
  region size 1024K, 37 young (37888K), 6 survivors (6144K)
 Metaspace       used 47889K, committed 48576K, reserved 1114112K
  class space    used 6298K, committed 6592K, reserved 1048576K
}
Event: 6.859 GC heap after
{Heap after GC invocations=12 (full 0):
 garbage-first heap   total reserved 2056192K, committed 89088K, used 44275K [0x0000000082800000, 0x0000000100000000)
  region size 1024K, 4 young (4096K), 4 survivors (4096K)
 Metaspace       used 47889K, committed 48576K, reserved 1114112K
  class space    used 6298K, committed 6592K, reserved 1048576K
}
Event: 7.826 GC heap before
{Heap before GC invocations=12 (full 0):
 garbage-first heap   total reserved 2056192K, committed 89088K, used 76019K [0x0000000082800000, 0x0000000100000000)
  region size 1024K, 35 young (35840K), 4 survivors (4096K)
 Metaspace       used 54147K, committed 54848K, reserved 1114112K
  class space    used 7441K, committed 7744K, reserved 1048576K
}
Event: 7.832 GC heap after
{Heap after GC invocations=13 (full 0):
 garbage-first heap   total reserved 2056192K, committed 107520K, used 47352K [0x0000000082800000, 0x0000000100000000)
  region size 1024K, 3 young (3072K), 3 survivors (3072K)
 Metaspace       used 54147K, committed 54848K, reserved 1114112K
  class space    used 7441K, committed 7744K, reserved 1048576K
}
Event: 12.425 GC heap before
{Heap before GC invocations=14 (full 0):
 garbage-first heap   total reserved 2056192K, committed 107520K, used 90360K [0x0000000082800000, 0x0000000100000000)
  region size 1024K, 46 young (47104K), 3 survivors (3072K)
 Metaspace       used 66481K, committed 67136K, reserved 1114112K
  class space    used 9149K, committed 9408K, reserved 1048576K
}
Event: 12.431 GC heap after
{Heap after GC invocations=15 (full 0):
 garbage-first heap   total reserved 2056192K, committed 107520K, used 49630K [0x0000000082800000, 0x0000000100000000)
  region size 1024K, 6 young (6144K), 6 survivors (6144K)
 Metaspace       used 66481K, committed 67136K, reserved 1114112K
  class space    used 9149K, committed 9408K, reserved 1048576K
}
Event: 15.510 GC heap before
{Heap before GC invocations=15 (full 0):
 garbage-first heap   total reserved 2056192K, committed 107520K, used 93662K [0x0000000082800000, 0x0000000100000000)
  region size 1024K, 49 young (50176K), 6 survivors (6144K)
 Metaspace       used 79157K, committed 79936K, reserved 1179648K
  class space    used 11041K, committed 11392K, reserved 1048576K
}
Event: 15.515 GC heap after
{Heap after GC invocations=16 (full 0):
 garbage-first heap   total reserved 2056192K, committed 107520K, used 50697K [0x0000000082800000, 0x0000000100000000)
  region size 1024K, 6 young (6144K), 6 survivors (6144K)
 Metaspace       used 79157K, committed 79936K, reserved 1179648K
  class space    used 11041K, committed 11392K, reserved 1048576K
}
Event: 16.562 GC heap before
{Heap before GC invocations=16 (full 0):
 garbage-first heap   total reserved 2056192K, committed 107520K, used 94729K [0x0000000082800000, 0x0000000100000000)
  region size 1024K, 49 young (50176K), 6 survivors (6144K)
 Metaspace       used 85912K, committed 86720K, reserved 1179648K
  class space    used 11964K, committed 12288K, reserved 1048576K
}
Event: 16.571 GC heap after
{Heap after GC invocations=17 (full 0):
 garbage-first heap   total reserved 2056192K, committed 107520K, used 55532K [0x0000000082800000, 0x0000000100000000)
  region size 1024K, 7 young (7168K), 7 survivors (7168K)
 Metaspace       used 85912K, committed 86720K, reserved 1179648K
  class space    used 11964K, committed 12288K, reserved 1048576K
}
Event: 19.517 GC heap before
{Heap before GC invocations=17 (full 0):
 garbage-first heap   total reserved 2056192K, committed 107520K, used 89324K [0x0000000082800000, 0x0000000100000000)
  region size 1024K, 41 young (41984K), 7 survivors (7168K)
 Metaspace       used 90923K, committed 91776K, reserved 1179648K
  class space    used 12719K, committed 13056K, reserved 1048576K
}
Event: 19.525 GC heap after
{Heap after GC invocations=18 (full 0):
 garbage-first heap   total reserved 2056192K, committed 107520K, used 59092K [0x0000000082800000, 0x0000000100000000)
  region size 1024K, 4 young (4096K), 4 survivors (4096K)
 Metaspace       used 90923K, committed 91776K, reserved 1179648K
  class space    used 12719K, committed 13056K, reserved 1048576K
}
Event: 873.078 GC heap before
{Heap before GC invocations=19 (full 0):
 garbage-first heap   total reserved 2056192K, committed 107520K, used 95956K [0x0000000082800000, 0x0000000100000000)
  region size 1024K, 40 young (40960K), 4 survivors (4096K)
 Metaspace       used 91594K, committed 92544K, reserved 1179648K
  class space    used 12784K, committed 13184K, reserved 1048576K
}
Event: 873.175 GC heap after
{Heap after GC invocations=20 (full 0):
 garbage-first heap   total reserved 2056192K, committed 107520K, used 59865K [0x0000000082800000, 0x0000000100000000)
  region size 1024K, 1 young (1024K), 1 survivors (1024K)
 Metaspace       used 91594K, committed 92544K, reserved 1179648K
  class space    used 12784K, committed 13184K, reserved 1048576K
}

